2022-10-07 10:05:16 WARN  Example1:12 - Warn Message=============
2022-10-07 10:05:16 ERROR Example1:13 - Error Message===========
2022-10-07 10:05:16 FATAL Example1:14 - Fatal message===========
2022-10-07 10:05:27 WARN  Example1:12 - Warn Message=============
2022-10-07 10:05:27 ERROR Example1:13 - Error Message===========
2022-10-07 10:05:27 FATAL Example1:14 - Fatal message===========
2022-10-07 10:09:47 INFO  Example1:11 - Application Started...........
2022-10-07 10:09:47 WARN  Example1:12 - Warn Message=============
2022-10-07 10:09:47 ERROR Example1:13 - Error Message===========
2022-10-07 10:09:47 FATAL Example1:14 - Fatal message===========
2022-10-07 10:10:47 DEBUG Example1:10 - Debug Message===========
2022-10-07 10:10:47 INFO  Example1:11 - Application Started...........
2022-10-07 10:10:47 WARN  Example1:12 - Warn Message=============
2022-10-07 10:10:47 ERROR Example1:13 - Error Message===========
2022-10-07 10:10:47 FATAL Example1:14 - Fatal message===========
2022-10-07 10:20:05 DEBUG Example2:10 - Debug Message===========
2022-10-07 10:20:05 INFO  Example2:11 - Application Started...........
2022-10-07 10:20:05 WARN  Example2:12 - Warn Message=============
2022-10-07 10:20:05 ERROR Example2:13 - Error Message===========
2022-10-07 10:20:05 FATAL Example2:14 - Fatal message===========
2022-10-13 12:02:18 WARN  Example2:12 - Warn Message=============
2022-10-13 12:02:18 ERROR Example2:13 - Error Message===========
2022-10-13 12:02:18 FATAL Example2:14 - Fatal message===========
